Obama
SF, NYC
Steve Jobs, GUI
The Thing Things
Egypt
The Dark Knight Rises
handset Alliance
Warsaw
The Day After Tomorrow
Eat Pray Love
Obama, Egypt
metal
Berlin Wall
Johnny Mathis
Porpoise
North America, Columbus
Faroes
Parkinson
Chelsea Flower Show
Agatha Christie, And Then There Were None
Magna Carta
Lincoln
Paris, New York
Pan Am, Lockerbie, Scotland
world, population
Amazon rain forest
atlantic hurricane
London, Paris
Pictionary
Appalachian Trail
Malcolm X
running, juggling
United States
Statue of Liberty
Uganda
Wisconsin
Michigan
Bolivia
Chicago
bovine somatotrophin
moon
new Republic of Hungary
Channel Tunnel
Nelson Mandela, South Africa
Turkmenistan
Eugene Onegin
Voyagers
Great Lakes
CEO, General Electric
Eiffel Tower
